<?xml version="1.0" encoding="UTF-8"?>
<!-- Generated by org.testng.reporters.JUnitReportReporter -->
<testsuite skipped="0" hostname="lougani-1983" name="com.rachid.testcases.HomePageTest" tests="1" failures="0" timestamp="03 Sep 2019 16:20:40 GMT" time="0.032" errors="0">
  <testcase name="homePageLogo" time="0.032" classname="com.rachid.testcases.HomePageTest"/>
</testsuite> <!-- com.rachid.testcases.HomePageTest -->
