<?xml version="1.0" encoding="UTF-8"?>
<!-- Generated by org.testng.reporters.JUnitReportReporter -->
<testsuite skipped="0" hostname="lougani-1983" name="com.rachid.testcases.HomePageTest" tests="2" failures="0" timestamp="08 Sep 2019 01:53:01 GMT" time="29.245" errors="0">
  <testcase name="homePageLogo" time="0.066" classname="com.rachid.testcases.HomePageTest"/>
  <testcase name="quickLinksTest" time="29.179" classname="com.rachid.testcases.HomePageTest"/>
</testsuite> <!-- com.rachid.testcases.HomePageTest -->
