<?xml version="1.0" encoding="UTF-8"?>
<!-- Generated by org.testng.reporters.JUnitReportReporter -->
<testsuite skipped="0" hostname="lougani-1983" name="com.rachid.testcases.HomePageTest" tests="1" failures="0" timestamp="08 Sep 2019 01:25:17 GMT" time="0.042" errors="0">
  <testcase name="homePageLogo" time="0.042" classname="com.rachid.testcases.HomePageTest"/>
</testsuite> <!-- com.rachid.testcases.HomePageTest -->
